2024-12-07T12:57:43.457+01:00  INFO 13392 --- [restartedMain] c.a.g.GestorincidenciasApplication       : Starting GestorincidenciasApplication using Java 21.0.4 with PID 13392 (C:\Users\mesaf\Documents\DAM-Programacion\TFG\gestorincidencias\target\classes started by mesaf in C:\Users\mesaf\Documents\DAM-Programacion\TFG\gestorincidencias)
2024-12-07T12:57:43.500+01:00  INFO 13392 --- [restartedMain] c.a.g.GestorincidenciasApplication       : No active profile set, falling back to 1 default profile: "default"
2024-12-07T12:57:43.699+01:00  INFO 13392 --- [restartedMain] .e.DevToolsPropertyDefaultsPostProcessor : Devtools property defaults active! Set 'spring.devtools.add-properties' to 'false' to disable
2024-12-07T12:57:43.699+01:00  INFO 13392 --- [restartedMain] .e.DevToolsPropertyDefaultsPostProcessor : For additional web related logging consider setting the 'logging.level.web' property to 'DEBUG'
2024-12-07T12:57:45.853+01:00  INFO 13392 --- [restartedMain] .s.d.r.c.RepositoryConfigurationDelegate : Bootstrapping Spring Data JPA repositories in DEFAULT mode.
2024-12-07T12:57:46.074+01:00  INFO 13392 --- [restartedMain] .s.d.r.c.RepositoryConfigurationDelegate : Finished Spring Data repository scanning in 202 ms. Found 2 JPA repository interfaces.
2024-12-07T12:57:47.507+01:00  INFO 13392 --- [restartedMain] o.s.b.w.embedded.tomcat.TomcatWebServer  : Tomcat initialized with port 8080 (http)
2024-12-07T12:57:47.547+01:00  INFO 13392 --- [restartedMain] o.apache.catalina.core.StandardService   : Starting service [Tomcat]
2024-12-07T12:57:47.548+01:00  INFO 13392 --- [restartedMain] o.apache.catalina.core.StandardEngine    : Starting Servlet engine: [Apache Tomcat/10.1.31]
2024-12-07T12:57:47.653+01:00  INFO 13392 --- [restartedMain] o.a.c.c.C.[Tomcat].[localhost].[/]       : Initializing Spring embedded WebApplicationContext
2024-12-07T12:57:47.653+01:00  INFO 13392 --- [restartedMain] w.s.c.ServletWebServerApplicationContext : Root WebApplicationContext: initialization completed in 3941 ms
2024-12-07T12:57:48.224+01:00  INFO 13392 --- [restartedMain] o.hibernate.jpa.internal.util.LogHelper  : HHH000204: Processing PersistenceUnitInfo [name: default]
2024-12-07T12:57:48.435+01:00  INFO 13392 --- [restartedMain] org.hibernate.Version                    : HHH000412: Hibernate ORM core version 6.5.3.Final
2024-12-07T12:57:48.530+01:00  INFO 13392 --- [restartedMain] o.h.c.internal.RegionFactoryInitiator    : HHH000026: Second-level cache disabled
2024-12-07T12:57:49.105+01:00  INFO 13392 --- [restartedMain] o.s.o.j.p.SpringPersistenceUnitInfo      : No LoadTimeWeaver setup: ignoring JPA class transformer
2024-12-07T12:57:49.165+01:00  INFO 13392 --- [restartedMain] com.zaxxer.hikari.HikariDataSource       : HikariPool-1 - Starting...
2024-12-07T12:57:49.998+01:00  INFO 13392 --- [restartedMain] com.zaxxer.hikari.pool.HikariPool        : HikariPool-1 - Added connection com.mysql.cj.jdbc.ConnectionImpl@6d1cba0b
2024-12-07T12:57:50.001+01:00  INFO 13392 --- [restartedMain] com.zaxxer.hikari.HikariDataSource       : HikariPool-1 - Start completed.
2024-12-07T12:57:50.079+01:00  WARN 13392 --- [restartedMain] org.hibernate.orm.deprecation            : HHH90000025: MySQL8Dialect does not need to be specified explicitly using 'hibernate.dialect' (remove the property setting and it will be selected by default)
2024-12-07T12:57:50.081+01:00  WARN 13392 --- [restartedMain] org.hibernate.orm.deprecation            : HHH90000026: MySQL8Dialect has been deprecated; use org.hibernate.dialect.MySQLDialect instead
2024-12-07T12:57:51.658+01:00  INFO 13392 --- [restartedMain] o.h.e.t.j.p.i.JtaPlatformInitiator       : HHH000489: No JTA platform available (set 'hibernate.transaction.jta.platform' to enable JTA platform integration)
2024-12-07T12:57:51.795+01:00  INFO 13392 --- [restartedMain] j.LocalContainerEntityManagerFactoryBean : Initialized JPA EntityManagerFactory for persistence unit 'default'
2024-12-07T12:57:52.345+01:00  INFO 13392 --- [restartedMain] o.s.d.j.r.query.QueryEnhancerFactory     : Hibernate is in classpath; If applicable, HQL parser will be used.
2024-12-07T12:57:53.267+01:00  WARN 13392 --- [restartedMain] JpaBaseConfiguration$JpaWebConfiguration : spring.jpa.open-in-view is enabled by default. Therefore, database queries may be performed during view rendering. Explicitly configure spring.jpa.open-in-view to disable this warning
2024-12-07T12:57:53.336+01:00  INFO 13392 --- [restartedMain] eAuthenticationProviderManagerConfigurer : Global AuthenticationManager configured with AuthenticationProvider bean with name authenticationProvider
2024-12-07T12:57:53.338+01:00  WARN 13392 --- [restartedMain] r$InitializeUserDetailsManagerConfigurer : Global AuthenticationManager configured with an AuthenticationProvider bean. UserDetailsService beans will not be used for username/password login. Consider removing the AuthenticationProvider bean. Alternatively, consider using the UserDetailsService in a manually instantiated DaoAuthenticationProvider.
2024-12-07T12:57:53.552+01:00  INFO 13392 --- [restartedMain] o.s.b.a.w.s.WelcomePageHandlerMapping    : Adding welcome page template: index
2024-12-07T12:57:54.326+01:00  INFO 13392 --- [restartedMain] o.s.b.d.a.OptionalLiveReloadServer       : LiveReload server is running on port 35729
2024-12-07T12:57:54.366+01:00  INFO 13392 --- [restartedMain] o.s.b.w.embedded.tomcat.TomcatWebServer  : Tomcat started on port 8080 (http) with context path '/'
2024-12-07T12:57:54.378+01:00  INFO 13392 --- [restartedMain] c.a.g.GestorincidenciasApplication       : Started GestorincidenciasApplication in 11.797 seconds (process running for 12.963)
2024-12-07T12:58:10.510+01:00  INFO 13392 --- [http-nio-8080-exec-2] o.a.c.c.C.[Tomcat].[localhost].[/]       : Initializing Spring DispatcherServlet 'dispatcherServlet'
2024-12-07T12:58:10.510+01:00  INFO 13392 --- [http-nio-8080-exec-2] o.s.web.servlet.DispatcherServlet        : Initializing Servlet 'dispatcherServlet'
2024-12-07T12:58:10.512+01:00  INFO 13392 --- [http-nio-8080-exec-2] o.s.web.servlet.DispatcherServlet        : Completed initialization in 2 ms
2024-12-07T13:01:00.787+01:00  INFO 13392 --- [SpringApplicationShutdownHook] j.LocalContainerEntityManagerFactoryBean : Closing JPA EntityManagerFactory for persistence unit 'default'
2024-12-07T13:01:00.790+01:00  INFO 13392 --- [SpringApplicationShutdownHook] com.zaxxer.hikari.HikariDataSource       : HikariPool-1 - Shutdown initiated...
2024-12-07T13:01:00.797+01:00  INFO 13392 --- [SpringApplicationShutdownHook] com.zaxxer.hikari.HikariDataSource       : HikariPool-1 - Shutdown completed.
2024-12-07T13:01:04.096+01:00  INFO 9312 --- [restartedMain] c.a.g.GestorincidenciasApplication       : Starting GestorincidenciasApplication using Java 21.0.4 with PID 9312 (C:\Users\mesaf\Documents\DAM-Programacion\TFG\gestorincidencias\target\classes started by mesaf in C:\Users\mesaf\Documents\DAM-Programacion\TFG\gestorincidencias)
2024-12-07T13:01:04.100+01:00  INFO 9312 --- [restartedMain] c.a.g.GestorincidenciasApplication       : No active profile set, falling back to 1 default profile: "default"
2024-12-07T13:01:04.164+01:00  INFO 9312 --- [restartedMain] .e.DevToolsPropertyDefaultsPostProcessor : Devtools property defaults active! Set 'spring.devtools.add-properties' to 'false' to disable
2024-12-07T13:01:04.165+01:00  INFO 9312 --- [restartedMain] .e.DevToolsPropertyDefaultsPostProcessor : For additional web related logging consider setting the 'logging.level.web' property to 'DEBUG'
2024-12-07T13:01:05.215+01:00  INFO 9312 --- [restartedMain] .s.d.r.c.RepositoryConfigurationDelegate : Bootstrapping Spring Data JPA repositories in DEFAULT mode.
2024-12-07T13:01:05.305+01:00  INFO 9312 --- [restartedMain] .s.d.r.c.RepositoryConfigurationDelegate : Finished Spring Data repository scanning in 80 ms. Found 2 JPA repository interfaces.
2024-12-07T13:01:06.239+01:00  INFO 9312 --- [restartedMain] o.s.b.w.embedded.tomcat.TomcatWebServer  : Tomcat initialized with port 8080 (http)
2024-12-07T13:01:06.263+01:00  INFO 9312 --- [restartedMain] o.apache.catalina.core.StandardService   : Starting service [Tomcat]
2024-12-07T13:01:06.264+01:00  INFO 9312 --- [restartedMain] o.apache.catalina.core.StandardEngine    : Starting Servlet engine: [Apache Tomcat/10.1.31]
2024-12-07T13:01:06.325+01:00  INFO 9312 --- [restartedMain] o.a.c.c.C.[Tomcat].[localhost].[/]       : Initializing Spring embedded WebApplicationContext
2024-12-07T13:01:06.326+01:00  INFO 9312 --- [restartedMain] w.s.c.ServletWebServerApplicationContext : Root WebApplicationContext: initialization completed in 2161 ms
2024-12-07T13:01:06.750+01:00  INFO 9312 --- [restartedMain] o.hibernate.jpa.internal.util.LogHelper  : HHH000204: Processing PersistenceUnitInfo [name: default]
2024-12-07T13:01:06.868+01:00  INFO 9312 --- [restartedMain] org.hibernate.Version                    : HHH000412: Hibernate ORM core version 6.5.3.Final
2024-12-07T13:01:06.925+01:00  INFO 9312 --- [restartedMain] o.h.c.internal.RegionFactoryInitiator    : HHH000026: Second-level cache disabled
2024-12-07T13:01:07.371+01:00  INFO 9312 --- [restartedMain] o.s.o.j.p.SpringPersistenceUnitInfo      : No LoadTimeWeaver setup: ignoring JPA class transformer
2024-12-07T13:01:07.409+01:00  INFO 9312 --- [restartedMain] com.zaxxer.hikari.HikariDataSource       : HikariPool-1 - Starting...
2024-12-07T13:01:07.841+01:00  INFO 9312 --- [restartedMain] com.zaxxer.hikari.pool.HikariPool        : HikariPool-1 - Added connection com.mysql.cj.jdbc.ConnectionImpl@608449c8
2024-12-07T13:01:07.844+01:00  INFO 9312 --- [restartedMain] com.zaxxer.hikari.HikariDataSource       : HikariPool-1 - Start completed.
2024-12-07T13:01:07.906+01:00  WARN 9312 --- [restartedMain] org.hibernate.orm.deprecation            : HHH90000025: MySQL8Dialect does not need to be specified explicitly using 'hibernate.dialect' (remove the property setting and it will be selected by default)
2024-12-07T13:01:07.908+01:00  WARN 9312 --- [restartedMain] org.hibernate.orm.deprecation            : HHH90000026: MySQL8Dialect has been deprecated; use org.hibernate.dialect.MySQLDialect instead
2024-12-07T13:01:08.868+01:00  INFO 9312 --- [restartedMain] o.h.e.t.j.p.i.JtaPlatformInitiator       : HHH000489: No JTA platform available (set 'hibernate.transaction.jta.platform' to enable JTA platform integration)
2024-12-07T13:01:08.965+01:00  INFO 9312 --- [restartedMain] j.LocalContainerEntityManagerFactoryBean : Initialized JPA EntityManagerFactory for persistence unit 'default'
2024-12-07T13:01:09.303+01:00  INFO 9312 --- [restartedMain] o.s.d.j.r.query.QueryEnhancerFactory     : Hibernate is in classpath; If applicable, HQL parser will be used.
2024-12-07T13:01:10.247+01:00  WARN 9312 --- [restartedMain] JpaBaseConfiguration$JpaWebConfiguration : spring.jpa.open-in-view is enabled by default. Therefore, database queries may be performed during view rendering. Explicitly configure spring.jpa.open-in-view to disable this warning
2024-12-07T13:01:10.328+01:00  INFO 9312 --- [restartedMain] eAuthenticationProviderManagerConfigurer : Global AuthenticationManager configured with AuthenticationProvider bean with name authenticationProvider
2024-12-07T13:01:10.331+01:00  WARN 9312 --- [restartedMain] r$InitializeUserDetailsManagerConfigurer : Global AuthenticationManager configured with an AuthenticationProvider bean. UserDetailsService beans will not be used for username/password login. Consider removing the AuthenticationProvider bean. Alternatively, consider using the UserDetailsService in a manually instantiated DaoAuthenticationProvider.
2024-12-07T13:01:10.574+01:00  INFO 9312 --- [restartedMain] o.s.b.a.w.s.WelcomePageHandlerMapping    : Adding welcome page template: index
2024-12-07T13:01:11.314+01:00  INFO 9312 --- [restartedMain] o.s.b.d.a.OptionalLiveReloadServer       : LiveReload server is running on port 35729
2024-12-07T13:01:11.350+01:00  INFO 9312 --- [restartedMain] o.s.b.w.embedded.tomcat.TomcatWebServer  : Tomcat started on port 8080 (http) with context path '/'
2024-12-07T13:01:11.360+01:00  INFO 9312 --- [restartedMain] c.a.g.GestorincidenciasApplication       : Started GestorincidenciasApplication in 7.9 seconds (process running for 8.672)
2024-12-07T13:01:13.852+01:00  INFO 9312 --- [http-nio-8080-exec-2] o.a.c.c.C.[Tomcat].[localhost].[/]       : Initializing Spring DispatcherServlet 'dispatcherServlet'
2024-12-07T13:01:13.852+01:00  INFO 9312 --- [http-nio-8080-exec-2] o.s.web.servlet.DispatcherServlet        : Initializing Servlet 'dispatcherServlet'
2024-12-07T13:01:13.853+01:00  INFO 9312 --- [http-nio-8080-exec-2] o.s.web.servlet.DispatcherServlet        : Completed initialization in 1 ms
2024-12-07T13:09:36.255+01:00  INFO 9312 --- [SpringApplicationShutdownHook] j.LocalContainerEntityManagerFactoryBean : Closing JPA EntityManagerFactory for persistence unit 'default'
2024-12-07T13:09:36.259+01:00  INFO 9312 --- [SpringApplicationShutdownHook] com.zaxxer.hikari.HikariDataSource       : HikariPool-1 - Shutdown initiated...
2024-12-07T13:09:36.266+01:00  INFO 9312 --- [SpringApplicationShutdownHook] com.zaxxer.hikari.HikariDataSource       : HikariPool-1 - Shutdown completed.
2024-12-07T13:09:39.973+01:00  INFO 13232 --- [restartedMain] c.a.g.GestorincidenciasApplication       : Starting GestorincidenciasApplication using Java 21.0.4 with PID 13232 (C:\Users\mesaf\Documents\DAM-Programacion\TFG\gestorincidencias\target\classes started by mesaf in C:\Users\mesaf\Documents\DAM-Programacion\TFG\gestorincidencias)
2024-12-07T13:09:39.976+01:00  INFO 13232 --- [restartedMain] c.a.g.GestorincidenciasApplication       : No active profile set, falling back to 1 default profile: "default"
2024-12-07T13:09:40.038+01:00  INFO 13232 --- [restartedMain] .e.DevToolsPropertyDefaultsPostProcessor : Devtools property defaults active! Set 'spring.devtools.add-properties' to 'false' to disable
2024-12-07T13:09:40.039+01:00  INFO 13232 --- [restartedMain] .e.DevToolsPropertyDefaultsPostProcessor : For additional web related logging consider setting the 'logging.level.web' property to 'DEBUG'
2024-12-07T13:09:40.985+01:00  INFO 13232 --- [restartedMain] .s.d.r.c.RepositoryConfigurationDelegate : Bootstrapping Spring Data JPA repositories in DEFAULT mode.
2024-12-07T13:09:41.071+01:00  INFO 13232 --- [restartedMain] .s.d.r.c.RepositoryConfigurationDelegate : Finished Spring Data repository scanning in 77 ms. Found 2 JPA repository interfaces.
2024-12-07T13:09:41.973+01:00  INFO 13232 --- [restartedMain] o.s.b.w.embedded.tomcat.TomcatWebServer  : Tomcat initialized with port 8080 (http)
2024-12-07T13:09:42.002+01:00  INFO 13232 --- [restartedMain] o.apache.catalina.core.StandardService   : Starting service [Tomcat]
2024-12-07T13:09:42.002+01:00  INFO 13232 --- [restartedMain] o.apache.catalina.core.StandardEngine    : Starting Servlet engine: [Apache Tomcat/10.1.31]
2024-12-07T13:09:42.095+01:00  INFO 13232 --- [restartedMain] o.a.c.c.C.[Tomcat].[localhost].[/]       : Initializing Spring embedded WebApplicationContext
2024-12-07T13:09:42.096+01:00  INFO 13232 --- [restartedMain] w.s.c.ServletWebServerApplicationContext : Root WebApplicationContext: initialization completed in 2057 ms
2024-12-07T13:09:42.493+01:00  INFO 13232 --- [restartedMain] o.hibernate.jpa.internal.util.LogHelper  : HHH000204: Processing PersistenceUnitInfo [name: default]
2024-12-07T13:09:42.593+01:00  INFO 13232 --- [restartedMain] org.hibernate.Version                    : HHH000412: Hibernate ORM core version 6.5.3.Final
2024-12-07T13:09:42.648+01:00  INFO 13232 --- [restartedMain] o.h.c.internal.RegionFactoryInitiator    : HHH000026: Second-level cache disabled
2024-12-07T13:09:43.022+01:00  INFO 13232 --- [restartedMain] o.s.o.j.p.SpringPersistenceUnitInfo      : No LoadTimeWeaver setup: ignoring JPA class transformer
2024-12-07T13:09:43.062+01:00  INFO 13232 --- [restartedMain] com.zaxxer.hikari.HikariDataSource       : HikariPool-1 - Starting...
2024-12-07T13:09:43.501+01:00  INFO 13232 --- [restartedMain] com.zaxxer.hikari.pool.HikariPool        : HikariPool-1 - Added connection com.mysql.cj.jdbc.ConnectionImpl@84031ef
2024-12-07T13:09:43.505+01:00  INFO 13232 --- [restartedMain] com.zaxxer.hikari.HikariDataSource       : HikariPool-1 - Start completed.
2024-12-07T13:09:43.561+01:00  WARN 13232 --- [restartedMain] org.hibernate.orm.deprecation            : HHH90000025: MySQL8Dialect does not need to be specified explicitly using 'hibernate.dialect' (remove the property setting and it will be selected by default)
2024-12-07T13:09:43.563+01:00  WARN 13232 --- [restartedMain] org.hibernate.orm.deprecation            : HHH90000026: MySQL8Dialect has been deprecated; use org.hibernate.dialect.MySQLDialect instead
2024-12-07T13:09:44.483+01:00  INFO 13232 --- [restartedMain] o.h.e.t.j.p.i.JtaPlatformInitiator       : HHH000489: No JTA platform available (set 'hibernate.transaction.jta.platform' to enable JTA platform integration)
2024-12-07T13:09:44.561+01:00  INFO 13232 --- [restartedMain] j.LocalContainerEntityManagerFactoryBean : Initialized JPA EntityManagerFactory for persistence unit 'default'
2024-12-07T13:09:44.867+01:00  INFO 13232 --- [restartedMain] o.s.d.j.r.query.QueryEnhancerFactory     : Hibernate is in classpath; If applicable, HQL parser will be used.
2024-12-07T13:09:45.593+01:00  WARN 13232 --- [restartedMain] JpaBaseConfiguration$JpaWebConfiguration : spring.jpa.open-in-view is enabled by default. Therefore, database queries may be performed during view rendering. Explicitly configure spring.jpa.open-in-view to disable this warning
2024-12-07T13:09:45.648+01:00  INFO 13232 --- [restartedMain] eAuthenticationProviderManagerConfigurer : Global AuthenticationManager configured with AuthenticationProvider bean with name authenticationProvider
2024-12-07T13:09:45.650+01:00  WARN 13232 --- [restartedMain] r$InitializeUserDetailsManagerConfigurer : Global AuthenticationManager configured with an AuthenticationProvider bean. UserDetailsService beans will not be used for username/password login. Consider removing the AuthenticationProvider bean. Alternatively, consider using the UserDetailsService in a manually instantiated DaoAuthenticationProvider.
2024-12-07T13:09:45.772+01:00  INFO 13232 --- [restartedMain] o.s.b.a.w.s.WelcomePageHandlerMapping    : Adding welcome page template: index
2024-12-07T13:09:46.377+01:00  INFO 13232 --- [restartedMain] o.s.b.d.a.OptionalLiveReloadServer       : LiveReload server is running on port 35729
2024-12-07T13:09:46.415+01:00  INFO 13232 --- [restartedMain] o.s.b.w.embedded.tomcat.TomcatWebServer  : Tomcat started on port 8080 (http) with context path '/'
2024-12-07T13:09:46.425+01:00  INFO 13232 --- [restartedMain] c.a.g.GestorincidenciasApplication       : Started GestorincidenciasApplication in 7.01 seconds (process running for 7.638)
2024-12-07T13:09:56.849+01:00  INFO 13232 --- [SpringApplicationShutdownHook] j.LocalContainerEntityManagerFactoryBean : Closing JPA EntityManagerFactory for persistence unit 'default'
2024-12-07T13:09:56.852+01:00  INFO 13232 --- [SpringApplicationShutdownHook] com.zaxxer.hikari.HikariDataSource       : HikariPool-1 - Shutdown initiated...
2024-12-07T13:09:56.860+01:00  INFO 13232 --- [SpringApplicationShutdownHook] com.zaxxer.hikari.HikariDataSource       : HikariPool-1 - Shutdown completed.
2024-12-07T13:10:12.097+01:00  INFO 12244 --- [restartedMain] c.a.g.GestorincidenciasApplication       : Starting GestorincidenciasApplication using Java 21.0.4 with PID 12244 (C:\Users\mesaf\Documents\DAM-Programacion\TFG\gestorincidencias\target\classes started by mesaf in C:\Users\mesaf\Documents\DAM-Programacion\TFG\gestorincidencias)
2024-12-07T13:10:12.100+01:00  INFO 12244 --- [restartedMain] c.a.g.GestorincidenciasApplication       : No active profile set, falling back to 1 default profile: "default"
2024-12-07T13:10:12.163+01:00  INFO 12244 --- [restartedMain] .e.DevToolsPropertyDefaultsPostProcessor : Devtools property defaults active! Set 'spring.devtools.add-properties' to 'false' to disable
2024-12-07T13:10:12.163+01:00  INFO 12244 --- [restartedMain] .e.DevToolsPropertyDefaultsPostProcessor : For additional web related logging consider setting the 'logging.level.web' property to 'DEBUG'
2024-12-07T13:10:13.072+01:00  INFO 12244 --- [restartedMain] .s.d.r.c.RepositoryConfigurationDelegate : Bootstrapping Spring Data JPA repositories in DEFAULT mode.
2024-12-07T13:10:13.154+01:00  INFO 12244 --- [restartedMain] .s.d.r.c.RepositoryConfigurationDelegate : Finished Spring Data repository scanning in 73 ms. Found 2 JPA repository interfaces.
2024-12-07T13:10:13.947+01:00  INFO 12244 --- [restartedMain] o.s.b.w.embedded.tomcat.TomcatWebServer  : Tomcat initialized with port 8080 (http)
2024-12-07T13:10:13.967+01:00  INFO 12244 --- [restartedMain] o.apache.catalina.core.StandardService   : Starting service [Tomcat]
2024-12-07T13:10:13.967+01:00  INFO 12244 --- [restartedMain] o.apache.catalina.core.StandardEngine    : Starting Servlet engine: [Apache Tomcat/10.1.31]
2024-12-07T13:10:14.048+01:00  INFO 12244 --- [restartedMain] o.a.c.c.C.[Tomcat].[localhost].[/]       : Initializing Spring embedded WebApplicationContext
2024-12-07T13:10:14.049+01:00  INFO 12244 --- [restartedMain] w.s.c.ServletWebServerApplicationContext : Root WebApplicationContext: initialization completed in 1885 ms
2024-12-07T13:10:14.365+01:00  INFO 12244 --- [restartedMain] o.hibernate.jpa.internal.util.LogHelper  : HHH000204: Processing PersistenceUnitInfo [name: default]
2024-12-07T13:10:14.449+01:00  INFO 12244 --- [restartedMain] org.hibernate.Version                    : HHH000412: Hibernate ORM core version 6.5.3.Final
2024-12-07T13:10:14.497+01:00  INFO 12244 --- [restartedMain] o.h.c.internal.RegionFactoryInitiator    : HHH000026: Second-level cache disabled
2024-12-07T13:10:14.864+01:00  INFO 12244 --- [restartedMain] o.s.o.j.p.SpringPersistenceUnitInfo      : No LoadTimeWeaver setup: ignoring JPA class transformer
2024-12-07T13:10:14.897+01:00  INFO 12244 --- [restartedMain] com.zaxxer.hikari.HikariDataSource       : HikariPool-1 - Starting...
2024-12-07T13:10:15.277+01:00  INFO 12244 --- [restartedMain] com.zaxxer.hikari.pool.HikariPool        : HikariPool-1 - Added connection com.mysql.cj.jdbc.ConnectionImpl@62dd5e9d
2024-12-07T13:10:15.280+01:00  INFO 12244 --- [restartedMain] com.zaxxer.hikari.HikariDataSource       : HikariPool-1 - Start completed.
2024-12-07T13:10:15.340+01:00  WARN 12244 --- [restartedMain] org.hibernate.orm.deprecation            : HHH90000025: MySQL8Dialect does not need to be specified explicitly using 'hibernate.dialect' (remove the property setting and it will be selected by default)
2024-12-07T13:10:15.342+01:00  WARN 12244 --- [restartedMain] org.hibernate.orm.deprecation            : HHH90000026: MySQL8Dialect has been deprecated; use org.hibernate.dialect.MySQLDialect instead
2024-12-07T13:10:16.242+01:00  INFO 12244 --- [restartedMain] o.h.e.t.j.p.i.JtaPlatformInitiator       : HHH000489: No JTA platform available (set 'hibernate.transaction.jta.platform' to enable JTA platform integration)
2024-12-07T13:10:16.317+01:00  INFO 12244 --- [restartedMain] j.LocalContainerEntityManagerFactoryBean : Initialized JPA EntityManagerFactory for persistence unit 'default'
2024-12-07T13:10:16.603+01:00  INFO 12244 --- [restartedMain] o.s.d.j.r.query.QueryEnhancerFactory     : Hibernate is in classpath; If applicable, HQL parser will be used.
2024-12-07T13:10:17.380+01:00  WARN 12244 --- [restartedMain] JpaBaseConfiguration$JpaWebConfiguration : spring.jpa.open-in-view is enabled by default. Therefore, database queries may be performed during view rendering. Explicitly configure spring.jpa.open-in-view to disable this warning
2024-12-07T13:10:17.434+01:00  INFO 12244 --- [restartedMain] eAuthenticationProviderManagerConfigurer : Global AuthenticationManager configured with AuthenticationProvider bean with name authenticationProvider
2024-12-07T13:10:17.436+01:00  WARN 12244 --- [restartedMain] r$InitializeUserDetailsManagerConfigurer : Global AuthenticationManager configured with an AuthenticationProvider bean. UserDetailsService beans will not be used for username/password login. Consider removing the AuthenticationProvider bean. Alternatively, consider using the UserDetailsService in a manually instantiated DaoAuthenticationProvider.
2024-12-07T13:10:17.573+01:00  INFO 12244 --- [restartedMain] o.s.b.a.w.s.WelcomePageHandlerMapping    : Adding welcome page template: index
2024-12-07T13:10:18.298+01:00  INFO 12244 --- [restartedMain] o.s.b.d.a.OptionalLiveReloadServer       : LiveReload server is running on port 35729
2024-12-07T13:10:18.344+01:00  INFO 12244 --- [restartedMain] o.s.b.w.embedded.tomcat.TomcatWebServer  : Tomcat started on port 8080 (http) with context path '/'
2024-12-07T13:10:18.356+01:00  INFO 12244 --- [restartedMain] c.a.g.GestorincidenciasApplication       : Started GestorincidenciasApplication in 6.851 seconds (process running for 7.463)
2024-12-07T13:10:25.380+01:00  INFO 12244 --- [http-nio-8080-exec-1] o.a.c.c.C.[Tomcat].[localhost].[/]       : Initializing Spring DispatcherServlet 'dispatcherServlet'
2024-12-07T13:10:25.380+01:00  INFO 12244 --- [http-nio-8080-exec-1] o.s.web.servlet.DispatcherServlet        : Initializing Servlet 'dispatcherServlet'
2024-12-07T13:10:25.381+01:00  INFO 12244 --- [http-nio-8080-exec-1] o.s.web.servlet.DispatcherServlet        : Completed initialization in 0 ms
2024-12-07T13:10:53.964+01:00  INFO 12244 --- [SpringApplicationShutdownHook] j.LocalContainerEntityManagerFactoryBean : Closing JPA EntityManagerFactory for persistence unit 'default'
2024-12-07T13:10:53.967+01:00  INFO 12244 --- [SpringApplicationShutdownHook] com.zaxxer.hikari.HikariDataSource       : HikariPool-1 - Shutdown initiated...
2024-12-07T13:10:53.973+01:00  INFO 12244 --- [SpringApplicationShutdownHook] com.zaxxer.hikari.HikariDataSource       : HikariPool-1 - Shutdown completed.
2024-12-07T13:10:57.641+01:00  INFO 6456 --- [restartedMain] c.a.g.GestorincidenciasApplication       : Starting GestorincidenciasApplication using Java 21.0.4 with PID 6456 (C:\Users\mesaf\Documents\DAM-Programacion\TFG\gestorincidencias\target\classes started by mesaf in C:\Users\mesaf\Documents\DAM-Programacion\TFG\gestorincidencias)
2024-12-07T13:10:57.646+01:00  INFO 6456 --- [restartedMain] c.a.g.GestorincidenciasApplication       : No active profile set, falling back to 1 default profile: "default"
2024-12-07T13:10:57.714+01:00  INFO 6456 --- [restartedMain] .e.DevToolsPropertyDefaultsPostProcessor : Devtools property defaults active! Set 'spring.devtools.add-properties' to 'false' to disable
2024-12-07T13:10:57.714+01:00  INFO 6456 --- [restartedMain] .e.DevToolsPropertyDefaultsPostProcessor : For additional web related logging consider setting the 'logging.level.web' property to 'DEBUG'
2024-12-07T13:10:58.719+01:00  INFO 6456 --- [restartedMain] .s.d.r.c.RepositoryConfigurationDelegate : Bootstrapping Spring Data JPA repositories in DEFAULT mode.
2024-12-07T13:10:58.801+01:00  INFO 6456 --- [restartedMain] .s.d.r.c.RepositoryConfigurationDelegate : Finished Spring Data repository scanning in 71 ms. Found 2 JPA repository interfaces.
2024-12-07T13:10:59.636+01:00  INFO 6456 --- [restartedMain] o.s.b.w.embedded.tomcat.TomcatWebServer  : Tomcat initialized with port 8080 (http)
2024-12-07T13:10:59.658+01:00  INFO 6456 --- [restartedMain] o.apache.catalina.core.StandardService   : Starting service [Tomcat]
2024-12-07T13:10:59.659+01:00  INFO 6456 --- [restartedMain] o.apache.catalina.core.StandardEngine    : Starting Servlet engine: [Apache Tomcat/10.1.31]
2024-12-07T13:10:59.726+01:00  INFO 6456 --- [restartedMain] o.a.c.c.C.[Tomcat].[localhost].[/]       : Initializing Spring embedded WebApplicationContext
2024-12-07T13:10:59.727+01:00  INFO 6456 --- [restartedMain] w.s.c.ServletWebServerApplicationContext : Root WebApplicationContext: initialization completed in 2011 ms
2024-12-07T13:11:00.053+01:00  INFO 6456 --- [restartedMain] o.hibernate.jpa.internal.util.LogHelper  : HHH000204: Processing PersistenceUnitInfo [name: default]
2024-12-07T13:11:00.142+01:00  INFO 6456 --- [restartedMain] org.hibernate.Version                    : HHH000412: Hibernate ORM core version 6.5.3.Final
2024-12-07T13:11:00.179+01:00  INFO 6456 --- [restartedMain] o.h.c.internal.RegionFactoryInitiator    : HHH000026: Second-level cache disabled
2024-12-07T13:11:00.573+01:00  INFO 6456 --- [restartedMain] o.s.o.j.p.SpringPersistenceUnitInfo      : No LoadTimeWeaver setup: ignoring JPA class transformer
2024-12-07T13:11:00.611+01:00  INFO 6456 --- [restartedMain] com.zaxxer.hikari.HikariDataSource       : HikariPool-1 - Starting...
2024-12-07T13:11:01.031+01:00  INFO 6456 --- [restartedMain] com.zaxxer.hikari.pool.HikariPool        : HikariPool-1 - Added connection com.mysql.cj.jdbc.ConnectionImpl@46fd0926
2024-12-07T13:11:01.035+01:00  INFO 6456 --- [restartedMain] com.zaxxer.hikari.HikariDataSource       : HikariPool-1 - Start completed.
2024-12-07T13:11:01.092+01:00  WARN 6456 --- [restartedMain] org.hibernate.orm.deprecation            : HHH90000025: MySQL8Dialect does not need to be specified explicitly using 'hibernate.dialect' (remove the property setting and it will be selected by default)
2024-12-07T13:11:01.094+01:00  WARN 6456 --- [restartedMain] org.hibernate.orm.deprecation            : HHH90000026: MySQL8Dialect has been deprecated; use org.hibernate.dialect.MySQLDialect instead
2024-12-07T13:11:01.994+01:00  INFO 6456 --- [restartedMain] o.h.e.t.j.p.i.JtaPlatformInitiator       : HHH000489: No JTA platform available (set 'hibernate.transaction.jta.platform' to enable JTA platform integration)
2024-12-07T13:11:02.073+01:00  INFO 6456 --- [restartedMain] j.LocalContainerEntityManagerFactoryBean : Initialized JPA EntityManagerFactory for persistence unit 'default'
2024-12-07T13:11:02.361+01:00  INFO 6456 --- [restartedMain] o.s.d.j.r.query.QueryEnhancerFactory     : Hibernate is in classpath; If applicable, HQL parser will be used.
2024-12-07T13:11:03.091+01:00  WARN 6456 --- [restartedMain] JpaBaseConfiguration$JpaWebConfiguration : spring.jpa.open-in-view is enabled by default. Therefore, database queries may be performed during view rendering. Explicitly configure spring.jpa.open-in-view to disable this warning
2024-12-07T13:11:03.153+01:00  INFO 6456 --- [restartedMain] eAuthenticationProviderManagerConfigurer : Global AuthenticationManager configured with AuthenticationProvider bean with name authenticationProvider
2024-12-07T13:11:03.155+01:00  WARN 6456 --- [restartedMain] r$InitializeUserDetailsManagerConfigurer : Global AuthenticationManager configured with an AuthenticationProvider bean. UserDetailsService beans will not be used for username/password login. Consider removing the AuthenticationProvider bean. Alternatively, consider using the UserDetailsService in a manually instantiated DaoAuthenticationProvider.
2024-12-07T13:11:03.292+01:00  INFO 6456 --- [restartedMain] o.s.b.a.w.s.WelcomePageHandlerMapping    : Adding welcome page template: index
2024-12-07T13:11:03.858+01:00  INFO 6456 --- [restartedMain] o.s.b.d.a.OptionalLiveReloadServer       : LiveReload server is running on port 35729
2024-12-07T13:11:03.900+01:00  INFO 6456 --- [restartedMain] o.s.b.w.embedded.tomcat.TomcatWebServer  : Tomcat started on port 8080 (http) with context path '/'
2024-12-07T13:11:03.913+01:00  INFO 6456 --- [restartedMain] c.a.g.GestorincidenciasApplication       : Started GestorincidenciasApplication in 6.888 seconds (process running for 7.52)
2024-12-07T13:11:11.013+01:00  INFO 6456 --- [http-nio-8080-exec-1] o.a.c.c.C.[Tomcat].[localhost].[/]       : Initializing Spring DispatcherServlet 'dispatcherServlet'
2024-12-07T13:11:11.013+01:00  INFO 6456 --- [http-nio-8080-exec-1] o.s.web.servlet.DispatcherServlet        : Initializing Servlet 'dispatcherServlet'
2024-12-07T13:11:11.015+01:00  INFO 6456 --- [http-nio-8080-exec-1] o.s.web.servlet.DispatcherServlet        : Completed initialization in 1 ms
